# JRE version: OpenJDK Runtime Environment Temurin-17.0.1+12 (17.0.1+12) (build 17.0.1+12)
# Java VM: OpenJDK 64-Bit Server VM Temurin-17.0.1+12 (17.0.1+12, mixed mode, tiered, compressed oops, compressed class ptrs, g1 gc, windows-amd64)
GC Precious Log:
 CPUs: 4 total, 4 available
 Memory: 8090M
 Large Page Support: Disabled
 NUMA Support: Disabled
 Compressed Oops: Enabled (32-bit)
 Heap Region Size: 1M
 Heap Min Capacity: 8M
 Heap Initial Capacity: 128M
 Heap Max Capacity: 2024M
 Pre-touch: Disabled
 Parallel Workers: 4
 Concurrent Workers: 1
 Concurrent Refinement Workers: 4
 Periodic GC: Disabled
Heap:
 garbage-first heap   total 61440K, used 38195K [0x0000000081800000, 0x0000000100000000)
  region size 1024K, 11 young (11264K), 1 survivors (1024K)
 Metaspace       used 73646K, committed 74112K, reserved 1114112K
  class space    used 8973K, committed 9216K, reserved 1048576K
GC Heap History (20 events):
Event: 80.289 GC heap before
{Heap before GC invocations=35 (full 0):
 garbage-first heap   total 61440K, used 50423K [0x0000000081800000, 0x0000000100000000)
  region size 1024K, 23 young (23552K), 2 survivors (2048K)
 Metaspace       used 73639K, committed 74112K, reserved 1114112K
  class space    used 8972K, committed 9216K, reserved 1048576K
}
Event: 80.295 GC heap after
{Heap after GC invocations=36 (full 0):
 garbage-first heap   total 61440K, used 29017K [0x0000000081800000, 0x0000000100000000)
  region size 1024K, 2 young (2048K), 2 survivors (2048K)
 Metaspace       used 73639K, committed 74112K, reserved 1114112K
  class space    used 8972K, committed 9216K, reserved 1048576K
}
Event: 82.617 GC heap before
{Heap before GC invocations=36 (full 0):
 garbage-first heap   total 61440K, used 50521K [0x0000000081800000, 0x0000000100000000)
  region size 1024K, 23 young (23552K), 2 survivors (2048K)
 Metaspace       used 73642K, committed 74112K, reserved 1114112K
  class space    used 8972K, committed 9216K, reserved 1048576K
}
Event: 82.622 GC heap after
{Heap after GC invocations=37 (full 0):
 garbage-first heap   total 61440K, used 28974K [0x0000000081800000, 0x0000000100000000)
  region size 1024K, 2 young (2048K), 2 survivors (2048K)
 Metaspace       used 73642K, committed 74112K, reserved 1114112K
  class space    used 8972K, committed 9216K, reserved 1048576K
}
Event: 84.417 GC heap before
{Heap before GC invocations=38 (full 0):
 garbage-first heap   total 61440K, used 50478K [0x0000000081800000, 0x0000000100000000)
  region size 1024K, 23 young (23552K), 2 survivors (2048K)
 Metaspace       used 73643K, committed 74112K, reserved 1114112K
  class space    used 8972K, committed 9216K, reserved 1048576K
}
Event: 84.423 GC heap after
{Heap after GC invocations=39 (full 0):
 garbage-first heap   total 61440K, used 29011K [0x0000000081800000, 0x0000000100000000)
  region size 1024K, 2 young (2048K), 2 survivors (2048K)
 Metaspace       used 73643K, committed 74112K, reserved 1114112K
  class space    used 8972K, committed 9216K, reserved 1048576K
}
Event: 86.426 GC heap before
{Heap before GC invocations=39 (full 0):
 garbage-first heap   total 61440K, used 50515K [0x0000000081800000, 0x0000000100000000)
  region size 1024K, 23 young (23552K), 2 survivors (2048K)
 Metaspace       used 73643K, committed 74112K, reserved 1114112K
  class space    used 8972K, committed 9216K, reserved 1048576K
}
Event: 86.432 GC heap after
{Heap after GC invocations=40 (full 0):
 garbage-first heap   total 61440K, used 29057K [0x0000000081800000, 0x0000000100000000)
  region size 1024K, 2 young (2048K), 2 survivors (2048K)
 Metaspace       used 73643K, committed 74112K, reserved 1114112K
  class space    used 8972K, committed 9216K, reserved 1048576K
}
Event: 88.380 GC heap before
{Heap before GC invocations=41 (full 0):
 garbage-first heap   total 61440K, used 50561K [0x0000000081800000, 0x0000000100000000)
  region size 1024K, 23 young (23552K), 2 survivors (2048K)
 Metaspace       used 73643K, committed 74112K, reserved 1114112K
  class space    used 8972K, committed 9216K, reserved 1048576K
}
Event: 88.386 GC heap after
{Heap after GC invocations=42 (full 0):
 garbage-first heap   total 61440K, used 28930K [0x0000000081800000, 0x0000000100000000)
  region size 1024K, 2 young (2048K), 2 survivors (2048K)
 Metaspace       used 73643K, committed 74112K, reserved 1114112K
  class space    used 8972K, committed 9216K, reserved 1048576K
}
Event: 90.115 GC heap before
{Heap before GC invocations=42 (full 0):
 garbage-first heap   total 61440K, used 50434K [0x0000000081800000, 0x0000000100000000)
  region size 1024K, 23 young (23552K), 2 survivors (2048K)
 Metaspace       used 73643K, committed 74112K, reserved 1114112K
  class space    used 8972K, committed 9216K, reserved 1048576K
}
Event: 90.120 GC heap after
{Heap after GC invocations=43 (full 0):
 garbage-first heap   total 61440K, used 28971K [0x0000000081800000, 0x0000000100000000)
  region size 1024K, 1 young (1024K), 1 survivors (1024K)
 Metaspace       used 73643K, committed 74112K, reserved 1114112K
  class space    used 8972K, committed 9216K, reserved 1048576K
}
Event: 92.385 GC heap before
{Heap before GC invocations=44 (full 0):
 garbage-first heap   total 61440K, used 51499K [0x0000000081800000, 0x0000000100000000)
  region size 1024K, 23 young (23552K), 1 survivors (1024K)
 Metaspace       used 73645K, committed 74112K, reserved 1114112K
  class space    used 8972K, committed 9216K, reserved 1048576K
}
Event: 92.388 GC heap after
{Heap after GC invocations=45 (full 0):
 garbage-first heap   total 61440K, used 29003K [0x0000000081800000, 0x0000000100000000)
  region size 1024K, 1 young (1024K), 1 survivors (1024K)
 Metaspace       used 73645K, committed 74112K, reserved 1114112K
  class space    used 8972K, committed 9216K, reserved 1048576K
}
Event: 92.521 GC heap before
{Heap before GC invocations=45 (full 0):
 garbage-first heap   total 61440K, used 31051K [0x0000000081800000, 0x0000000100000000)
  region size 1024K, 3 young (3072K), 1 survivors (1024K)
 Metaspace       used 73645K, committed 74112K, reserved 1114112K
  class space    used 8972K, committed 9216K, reserved 1048576K
}
Event: 92.524 GC heap after
{Heap after GC invocations=46 (full 0):
 garbage-first heap   total 61440K, used 28981K [0x0000000081800000, 0x0000000100000000)
  region size 1024K, 1 young (1024K), 1 survivors (1024K)
 Metaspace       used 73645K, committed 74112K, reserved 1114112K
  class space    used 8972K, committed 9216K, reserved 1048576K
}
Event: 94.413 GC heap before
{Heap before GC invocations=46 (full 0):
 garbage-first heap   total 61440K, used 52533K [0x0000000081800000, 0x0000000100000000)
  region size 1024K, 24 young (24576K), 1 survivors (1024K)
 Metaspace       used 73645K, committed 74112K, reserved 1114112K
  class space    used 8973K, committed 9216K, reserved 1048576K
}
Event: 94.415 GC heap after
{Heap after GC invocations=47 (full 0):
 garbage-first heap   total 61440K, used 28989K [0x0000000081800000, 0x0000000100000000)
  region size 1024K, 1 young (1024K), 1 survivors (1024K)
 Metaspace       used 73645K, committed 74112K, reserved 1114112K
  class space    used 8973K, committed 9216K, reserved 1048576K
}
Event: 96.501 GC heap before
{Heap before GC invocations=48 (full 0):
 garbage-first heap   total 61440K, used 52541K [0x0000000081800000, 0x0000000100000000)
  region size 1024K, 24 young (24576K), 1 survivors (1024K)
 Metaspace       used 73645K, committed 74112K, reserved 1114112K
  class space    used 8973K, committed 9216K, reserved 1048576K
}
Event: 96.503 GC heap after
{Heap after GC invocations=49 (full 0):
 garbage-first heap   total 61440K, used 28979K [0x0000000081800000, 0x0000000100000000)
  region size 1024K, 1 young (1024K), 1 survivors (1024K)
 Metaspace       used 73645K, committed 74112K, reserved 1114112K
  class space    used 8973K, committed 9216K, reserved 1048576K
}

