# JRE version: OpenJDK Runtime Environment Temurin-17.0.1+12 (17.0.1+12) (build 17.0.1+12)
# Java VM: OpenJDK 64-Bit Server VM Temurin-17.0.1+12 (17.0.1+12, mixed mode, tiered, compressed oops, compressed class ptrs, g1 gc, windows-amd64)
GC Precious Log:
 CPUs: 4 total, 4 available
 Memory: 8090M
 Large Page Support: Disabled
 NUMA Support: Disabled
 Compressed Oops: Enabled (32-bit)
 Heap Region Size: 1M
 Heap Min Capacity: 8M
 Heap Initial Capacity: 128M
 Heap Max Capacity: 2024M
 Pre-touch: Disabled
 Parallel Workers: 4
 Concurrent Workers: 1
 Concurrent Refinement Workers: 4
 Periodic GC: Disabled
Heap:
 garbage-first heap   total 58368K, used 25084K [0x0000000081800000, 0x0000000100000000)
  region size 1024K, 1 young (1024K), 1 survivors (1024K)
 Metaspace       used 72368K, committed 72896K, reserved 1114112K
  class space    used 8781K, committed 9024K, reserved 1048576K
GC Heap History (20 events):
Event: 4335.648 GC heap after
{Heap after GC invocations=58 (full 0):
 garbage-first heap   total 58368K, used 25512K [0x0000000081800000, 0x0000000100000000)
  region size 1024K, 1 young (1024K), 1 survivors (1024K)
 Metaspace       used 72357K, committed 72896K, reserved 1114112K
  class space    used 8779K, committed 9024K, reserved 1048576K
}
Event: 4340.025 GC heap before
{Heap before GC invocations=58 (full 0):
 garbage-first heap   total 58368K, used 50088K [0x0000000081800000, 0x0000000100000000)
  region size 1024K, 25 young (25600K), 1 survivors (1024K)
 Metaspace       used 72360K, committed 72896K, reserved 1114112K
  class space    used 8779K, committed 9024K, reserved 1048576K
}
Event: 4340.027 GC heap after
{Heap after GC invocations=59 (full 0):
 garbage-first heap   total 58368K, used 25542K [0x0000000081800000, 0x0000000100000000)
  region size 1024K, 1 young (1024K), 1 survivors (1024K)
 Metaspace       used 72360K, committed 72896K, reserved 1114112K
  class space    used 8779K, committed 9024K, reserved 1048576K
}
Event: 4345.476 GC heap before
{Heap before GC invocations=60 (full 0):
 garbage-first heap   total 58368K, used 50118K [0x0000000081800000, 0x0000000100000000)
  region size 1024K, 25 young (25600K), 1 survivors (1024K)
 Metaspace       used 72362K, committed 72896K, reserved 1114112K
  class space    used 8779K, committed 9024K, reserved 1048576K
}
Event: 4345.477 GC heap after
{Heap after GC invocations=61 (full 0):
 garbage-first heap   total 58368K, used 25557K [0x0000000081800000, 0x0000000100000000)
  region size 1024K, 1 young (1024K), 1 survivors (1024K)
 Metaspace       used 72362K, committed 72896K, reserved 1114112K
  class space    used 8779K, committed 9024K, reserved 1048576K
}
Event: 4345.633 GC heap before
{Heap before GC invocations=61 (full 0):
 garbage-first heap   total 58368K, used 26581K [0x0000000081800000, 0x0000000100000000)
  region size 1024K, 2 young (2048K), 1 survivors (1024K)
 Metaspace       used 72362K, committed 72896K, reserved 1114112K
  class space    used 8779K, committed 9024K, reserved 1048576K
}
Event: 4345.636 GC heap after
{Heap after GC invocations=62 (full 0):
 garbage-first heap   total 58368K, used 25354K [0x0000000081800000, 0x0000000100000000)
  region size 1024K, 1 young (1024K), 1 survivors (1024K)
 Metaspace       used 72362K, committed 72896K, reserved 1114112K
  class space    used 8779K, committed 9024K, reserved 1048576K
}
Event: 4355.541 GC heap before
{Heap before GC invocations=62 (full 0):
 garbage-first heap   total 58368K, used 49930K [0x0000000081800000, 0x0000000100000000)
  region size 1024K, 25 young (25600K), 1 survivors (1024K)
 Metaspace       used 72366K, committed 72896K, reserved 1114112K
  class space    used 8781K, committed 9024K, reserved 1048576K
}
Event: 4355.543 GC heap after
{Heap after GC invocations=63 (full 0):
 garbage-first heap   total 58368K, used 25373K [0x0000000081800000, 0x0000000100000000)
  region size 1024K, 1 young (1024K), 1 survivors (1024K)
 Metaspace       used 72366K, committed 72896K, reserved 1114112K
  class space    used 8781K, committed 9024K, reserved 1048576K
}
Event: 4362.806 GC heap before
{Heap before GC invocations=64 (full 0):
 garbage-first heap   total 58368K, used 49949K [0x0000000081800000, 0x0000000100000000)
  region size 1024K, 25 young (25600K), 1 survivors (1024K)
 Metaspace       used 72367K, committed 72896K, reserved 1114112K
  class space    used 8781K, committed 9024K, reserved 1048576K
}
Event: 4362.808 GC heap after
{Heap after GC invocations=65 (full 0):
 garbage-first heap   total 58368K, used 25375K [0x0000000081800000, 0x0000000100000000)
  region size 1024K, 1 young (1024K), 1 survivors (1024K)
 Metaspace       used 72367K, committed 72896K, reserved 1114112K
  class space    used 8781K, committed 9024K, reserved 1048576K
}
Event: 4363.066 GC heap before
{Heap before GC invocations=65 (full 0):
 garbage-first heap   total 58368K, used 26399K [0x0000000081800000, 0x0000000100000000)
  region size 1024K, 2 young (2048K), 1 survivors (1024K)
 Metaspace       used 72367K, committed 72896K, reserved 1114112K
  class space    used 8781K, committed 9024K, reserved 1048576K
}
Event: 4363.072 GC heap after
{Heap after GC invocations=66 (full 0):
 garbage-first heap   total 58368K, used 25178K [0x0000000081800000, 0x0000000100000000)
  region size 1024K, 1 young (1024K), 1 survivors (1024K)
 Metaspace       used 72367K, committed 72896K, reserved 1114112K
  class space    used 8781K, committed 9024K, reserved 1048576K
}
Event: 4368.302 GC heap before
{Heap before GC invocations=66 (full 0):
 garbage-first heap   total 58368K, used 49754K [0x0000000081800000, 0x0000000100000000)
  region size 1024K, 25 young (25600K), 1 survivors (1024K)
 Metaspace       used 72367K, committed 72896K, reserved 1114112K
  class space    used 8781K, committed 9024K, reserved 1048576K
}
Event: 4368.303 GC heap after
{Heap after GC invocations=67 (full 0):
 garbage-first heap   total 58368K, used 25246K [0x0000000081800000, 0x0000000100000000)
  region size 1024K, 1 young (1024K), 1 survivors (1024K)
 Metaspace       used 72367K, committed 72896K, reserved 1114112K
  class space    used 8781K, committed 9024K, reserved 1048576K
}
Event: 4375.228 GC heap before
{Heap before GC invocations=68 (full 0):
 garbage-first heap   total 58368K, used 49822K [0x0000000081800000, 0x0000000100000000)
  region size 1024K, 25 young (25600K), 1 survivors (1024K)
 Metaspace       used 72367K, committed 72896K, reserved 1114112K
  class space    used 8781K, committed 9024K, reserved 1048576K
}
Event: 4375.229 GC heap after
{Heap after GC invocations=69 (full 0):
 garbage-first heap   total 58368K, used 25262K [0x0000000081800000, 0x0000000100000000)
  region size 1024K, 1 young (1024K), 1 survivors (1024K)
 Metaspace       used 72367K, committed 72896K, reserved 1114112K
  class space    used 8781K, committed 9024K, reserved 1048576K
}
Event: 4375.459 GC heap before
{Heap before GC invocations=69 (full 0):
 garbage-first heap   total 58368K, used 26286K [0x0000000081800000, 0x0000000100000000)
  region size 1024K, 2 young (2048K), 1 survivors (1024K)
 Metaspace       used 72367K, committed 72896K, reserved 1114112K
  class space    used 8781K, committed 9024K, reserved 1048576K
}
Event: 4375.464 GC heap after
{Heap after GC invocations=70 (full 0):
 garbage-first heap   total 58368K, used 25002K [0x0000000081800000, 0x0000000100000000)
  region size 1024K, 1 young (1024K), 1 survivors (1024K)
 Metaspace       used 72367K, committed 72896K, reserved 1114112K
  class space    used 8781K, committed 9024K, reserved 1048576K
}
Event: 4384.644 GC heap before
{Heap before GC invocations=70 (full 0):
 garbage-first heap   total 58368K, used 49578K [0x0000000081800000, 0x0000000100000000)
  region size 1024K, 25 young (25600K), 1 survivors (1024K)
 Metaspace       used 72368K, committed 72896K, reserved 1114112K
  class space    used 8781K, committed 9024K, reserved 1048576K
}

